<?xml version="1.0" encoding="UTF-8"?>
<!-- Generated by org.testng.reporters.JUnitReportReporter -->
<testsuite hostname="0ed34989abc9" failures="0" tests="1" name="test.BestBuyApiTesting" time="1.730" errors="0" timestamp="2024-11-19T12:32:01 UTC" skipped="0">
  <testcase classname="test.BestBuyApiTesting" name="verifyDeleteProduct" time="1.730"/>
  <system-out/>
</testsuite> <!-- test.BestBuyApiTesting -->
